<?xml version="1.0" encoding="UTF-8"?>
<testsuite xmlns:xsi="http://www.w3.org/2001/XMLSchema-instance" xsi:noNamespaceSchemaLocation="https://maven.apache.org/surefire/maven-surefire-plugin/xsd/surefire-test-report-3.0.xsd" version="3.0" name="ConversorLongitudTest" time="0.128" tests="3" errors="0" skipped="0" failures="0">
  <properties>
[...]
</properties>
  <testcase name="deberiaConvertirCorrectamente(double, UnidadLongitud, UnidadLongitud, double)[1]" classname="ConversorLongitudTest" time="0.051"/>
  <testcase name="deberiaConvertirCorrectamente(double, UnidadLongitud, UnidadLongitud, double)[2]" classname="ConversorLongitudTest" time="0.002"/>
  <testcase name="deberiaConvertirCorrectamente(double, UnidadLongitud, UnidadLongitud, double)[3]" classname="ConversorLongitudTest" time="0.001"/>
</testsuite>