<?xml version="1.0" encoding="UTF-8"?>
<testsuite xmlns:xsi="http://www.w3.org/2001/XMLSchema-instance" xsi:noNamespaceSchemaLocation="https://maven.apache.org/surefire/maven-surefire-plugin/xsd/surefire-test-report-3.0.xsd" version="3.0" name="ConversorTemperaturaTest" time="0.072" tests="10" errors="0" skipped="0" failures="0">
  <properties>
[...]
</properties>
  <testcase name="deberiaConvertirTemperatura(double, UnidadTemperatura, UnidadTemperatura, double)[1]" classname="ConversorTemperaturaTest" time="0.008"/>
  <testcase name="deberiaConvertirTemperatura(double, UnidadTemperatura, UnidadTemperatura, double)[2]" classname="ConversorTemperaturaTest" time="0.004"/>
  <testcase name="deberiaConvertirTemperatura(double, UnidadTemperatura, UnidadTemperatura, double)[3]" classname="ConversorTemperaturaTest" time="0.004"/>
  <testcase name="deberiaConvertirTemperatura(double, UnidadTemperatura, UnidadTemperatura, double)[4]" classname="ConversorTemperaturaTest" time="0.005"/>
  <testcase name="deberiaConvertirTemperatura(double, UnidadTemperatura, UnidadTemperatura, double)[5]" classname="ConversorTemperaturaTest" time="0.005"/>
  <testcase name="deberiaConvertirTemperatura(double, UnidadTemperatura, UnidadTemperatura, double)[6]" classname="ConversorTemperaturaTest" time="0.002"/>
  <testcase name="deberiaConvertirTemperatura(double, UnidadTemperatura, UnidadTemperatura, double)[7]" classname="ConversorTemperaturaTest" time="0.003"/>
  <testcase name="deberiaConvertirTemperatura(double, UnidadTemperatura, UnidadTemperatura, double)[8]" classname="ConversorTemperaturaTest" time="0.001"/>
  <testcase name="deberiaConvertirTemperatura(double, UnidadTemperatura, UnidadTemperatura, double)[9]" classname="ConversorTemperaturaTest" time="0.001"/>
  <testcase name="deberiaConvertirTemperatura(double, UnidadTemperatura, UnidadTemperatura, double)[10]" classname="ConversorTemperaturaTest" time="0.002"/>
</testsuite>